20230819	19:52:59	0820da7d-6217-438c-87de-35e1bc90953b	GET	/404	undefined
20230819	19:52:59	4d240119-2651-47ac-9fe6-f5a884bb0dea	GET	/css/style.css	undefined
20230819	19:53:14	2066d5ea-c203-4be2-b34e-86cf2334e734	GET	/	undefined
20230819	19:53:14	831e2252-97a6-4f82-bff5-39b6e806074a	GET	/css/style.css	undefined
20230819	20:23:46	098e689e-a01f-408e-82e7-d83f1708c424	GET	/	undefined
20230819	20:23:46	305e5fb1-b85f-4f30-a6ad-7b04a711a994	GET	/css/style.css	undefined
20230819	20:23:51	eef65322-bf76-462b-8f35-7f766d809045	GET	/css/style.css	undefined
20230819	20:24:19	838a1bb3-28d1-4711-8954-c47c74561698	OPTIONS	/	https://www.google.com
20230819	20:24:19	7580fef8-91d7-4e08-9bd9-5354bd3fb25f	GET	/	https://www.google.com
20230820	15:49:59	6a7817ac-fd60-4637-8c06-4a6c9a130aca	GET	/	undefined
20230820	15:49:59	1c95f726-2209-4681-859e-f3e491dcf922	GET	/css/style.css	undefined
20230820	15:49:59	5bedaefd-687f-4acc-82fc-3d5cdc36e118	GET	/favicon.ico	undefined
20230821	14:06:19	4d06eaca-ee43-4ed0-985d-bf34d9a2852c	GET	/users	undefined
20230821	14:06:48	30ed8549-a5f8-4664-a8e9-42288c6ba93a	GET	/users	undefined
20230821	14:09:56	4bba9eb3-a936-47f7-b958-5848ad3d9ae9	GET	/users	undefined
20230821	14:10:20	458ec1f3-1c66-4de3-9937-80c8b5622892	GET	/users	undefined
20230821	14:10:52	270cf796-9070-4de7-876a-498461eeefe1	GET	/users	undefined
20230821	14:12:16	15ec2390-7c6e-4dcf-a3a2-44fe8ddc36ae	GET	/users	undefined
20230821	15:17:07	307f2a8f-b5d9-459c-836e-b6bf36ad7abb	GET	/users	undefined
20230821	15:18:47	78433e1e-2809-4a61-8c49-29f71cdf48ee	POST	/users	undefined
20230821	15:18:55	3ce7515b-3bb5-4a9f-b030-f319bd84b447	POST	/users	undefined
20230821	15:19:09	e77a99e6-da9e-4817-aabd-97f4b9ecf795	POST	/users	undefined
20230821	15:21:23	d1a5b21d-d5e5-47c4-876e-b5f65dd8bd56	POST	/users	undefined
20230821	15:22:39	13db289c-5434-4c10-88bd-7fd43f63c5f4	POST	/users	undefined
20230821	15:22:51	352f51a1-3fbd-4ac9-abbc-1bcdf895899f	POST	/users	undefined
20230821	15:23:02	24cfe886-d87f-429e-9e64-ffa8aaf41f08	POST	/users	undefined
20230821	15:23:13	7e99c916-cf37-4897-9e6c-0208caa2e427	GET	/users	undefined
20230821	15:25:08	e4dd063f-a06d-42d2-a429-4cf882dd1992	PATCH	/users	undefined
20230821	15:25:45	79e66c3b-c270-42f5-a51b-c77635052813	PATCH	/users	undefined
20230821	15:25:55	52cdc356-1045-41f9-88a9-14f7ec2dafe7	PATCH	/users	undefined
20230821	15:26:48	5c7abf2a-e73f-462e-91d2-45b175bc51f6	PATCH	/users	undefined
20230821	15:27:18	a9836f0a-5263-4c1b-8291-16e45d19e1cf	PATCH	/users	undefined
20230821	15:28:44	d1123502-06af-43b3-80e4-c8a75c04c1ea	PATCH	/users	undefined
20230821	15:28:55	359defae-e65d-4e32-b0e6-342c2b26120e	PATCH	/users	undefined
20230821	15:29:12	06ea0342-15f2-4e96-b5bb-b48de0982c07	PATCH	/users	undefined
20230821	15:29:37	3513b14b-4b1b-4342-8bc2-095aa522be3b	PATCH	/users	undefined
20230821	15:30:03	4a6b486a-c88a-4ed2-bc3b-955673ab0b44	PATCH	/users	undefined
20230821	15:33:59	942bb4f1-50c3-4ff7-b625-407cdacc71ea	PATCH	/users	undefined
20230821	15:35:47	67c53cf6-7ba7-45de-a9b0-acb2456715c9	PATCH	/users	undefined
20230821	15:36:38	e87c547f-bdc0-45cb-a6a7-bd2832e552c0	PATCH	/users	undefined
20230821	15:37:49	c30aec0e-657d-425e-b7a3-6a841ffd6e76	PATCH	/users	undefined
20230821	15:38:24	49fdb5d7-6dc4-44da-818d-752b8c79f217	PATCH	/users	undefined
20230821	15:40:31	22f80bcc-e232-402c-96d4-b312e6d3867e	GET	/users	undefined
20230821	15:40:44	d01fd8c0-ea63-45ee-a31c-954848d22b37	GET	/users	undefined
20230821	15:42:08	e5f16812-0e3b-497a-b034-b7da8f8aa783	DELETE	/users	undefined
20230821	15:42:23	88fda94a-782a-41d7-9f53-a8e1b7deb831	DELETE	/users	undefined
20230821	15:42:33	99290f3d-cb7a-4faa-a3fa-b22a137a6325	DELETE	/users	undefined
20230821	15:43:13	65320773-e73a-4d0b-a1d7-5ac357ccbd2c	DELETE	/users	undefined
20230821	15:43:22	9907b0f1-8bb9-4331-ac85-00dd33e70498	GET	/users	undefined
20230821	15:43:33	f061eac2-dcfa-4f5a-9a29-9bb539ed7004	DELETE	/users	undefined
20230821	15:43:53	07529dcf-81dd-4996-a047-90bcff3e37f1	GET	/users	undefined
20230821	15:44:00	99f6b7b4-d4b4-478a-ae8c-0bb919da82f8	GET	/users	undefined
20230821	15:44:06	52e4a846-1ccc-461a-96bb-ed4c883d3a86	DELETE	/users	undefined
20230821	15:45:46	8c843721-2b07-4fd4-854b-b82f100911a2	DELETE	/users	undefined
20230821	15:48:29	34ac5871-1327-4780-9535-45666b276d0f	GET	/users	undefined
20230821	15:50:14	e79e9e86-8c51-4039-b484-dfa9727d51df	POST	/users	undefined
20230821	15:50:20	1a81b38d-820e-43a1-9854-84b64585f4d1	GET	/users	undefined
20231007	17:14:24	3bfc698d-491d-41b7-834e-873397868927	GET	/	undefined
20231007	17:14:24	466e862a-c013-43d2-b467-61b7d1bedc73	GET	/css/style.css	undefined
20231007	17:14:25	23e1aefb-c5c3-4637-bfad-ca65daf113fc	GET	/favicon.ico	undefined
20231007	23:05:41	a8033878-3761-499d-89d1-bc13ba99922d	GET	/users	http://localhost:3000
20231007	23:08:35	9d4ddf71-dbb6-439c-a352-5ee0abb101fe	GET	/users	http://localhost:3000
20231008	16:13:58	b079bd56-87bb-4a0b-a477-08bcee2adf0d	GET	/users	undefined
20231008	16:15:00	1038d7c5-be41-4d4f-9a7f-d4d357455f48	GET	/notes	undefined
20231009	00:32:20	20e29541-9045-47a2-8599-08404834551e	GET	/	undefined
20231009	00:32:20	3025fd07-1f10-43bd-91fa-87aaab1832c9	GET	/css/style.css	undefined
20231009	00:32:20	56546944-78d3-4111-a948-303763275f54	GET	/favicon.ico	undefined
20231009	00:32:29	5643e3ea-5671-47b7-9e49-90c3d086d481	GET	/users	http://localhost:3000
20231009	00:32:35	65c9186d-3d40-4282-8a5e-f43823124f9b	GET	/users	http://localhost:3000
20231009	00:38:40	dba199ab-88a1-4366-a6a7-ca91b295fd11	GET	/users	http://localhost:3000
20231009	00:39:52	ecdf16a6-45ea-4a06-a39b-b012a85cf4d5	GET	/notes	http://localhost:3000
20231009	00:40:56	7d1321cb-9577-4dda-82a8-89d7b62bfa90	GET	/notes	http://localhost:3000
20231009	00:41:00	3506ea97-0fc0-4219-9c49-ff26213d6a11	GET	/notes	http://localhost:3000
20231009	00:41:06	fbc4fdb2-60a1-4032-b904-08c58609e8e4	GET	/notes	http://localhost:3000
20231009	00:41:11	eae08e71-6a02-4597-a10f-ddb58168c90a	GET	/notes	http://localhost:3000
20231009	00:46:25	9cb8dee0-ba89-416b-b6fe-1d81b4351a60	GET	/notes	http://localhost:3000
20231009	00:47:21	5935b271-2f4b-47ed-99cc-4ecf70adef6a	GET	/notes	http://localhost:3000
20231009	00:50:13	712a15a9-1875-4b81-9867-a44704b725fd	GET	/notes	http://localhost:3000
20231009	09:14:34	87ef1c82-c53c-4f52-b578-b3e9a6eae7b6	GET	/users	undefined
20231009	09:26:55	3b39e401-476a-458b-8edc-948769ac94aa	GET	/	undefined
20231009	09:26:55	40abe7c3-631e-4795-9dc6-9ce410cefd5a	GET	/css/style.css	undefined
20231009	09:26:59	f7ec6b97-42b0-4c42-b99a-deffbd8a0308	GET	/users	http://localhost:3000
20231009	09:27:16	be96387e-ed2e-4341-8718-af280e81cbff	GET	/users	http://localhost:3000
